2025-06-10 02:18:06 - WARNING - MUA Khong co tin hieu mua. Tiep tuc theo doi...
2025-06-10 02:37:42 - WARNING -  TIN HIEU HOP LE cho MUA: BABYUSDT | Gi: 0.0670 
2025-06-10 02:38:47 - WARNING -  TIN HIEU HOP LE cho MUA: BABYUSDT | Gi: 0.0670 
2025-06-10 02:39:48 - WARNING -  TIN HIEU HOP LE cho MUA: BABYUSDT | Gi: 0.0670 
2025-06-10 02:44:27 - WARNING -  TIN HIEU HOP LE cho MUA: BABYUSDT | Gi: 0.0670 
2025-06-10 02:51:37 - WARNING -  TIN HIEU HOP LE cho MUA: RVNUSDT | Gi: 0.0175 
2025-06-10 02:53:07 - WARNING -  TIN HIEU HOP LE cho MUA: RVNUSDT | Gi: 0.0175 
2025-06-10 21:52:14 - WARNING -  TIN HIEU HOP LE cho BAN: UMAUSDT | Gi: 1.5090
2025-06-10 21:53:15 - WARNING -  TIN HIEU HOP LE cho BAN: UMAUSDT | Gi: 1.5170
2025-06-10 21:54:17 - WARNING -  TIN HIEU HOP LE cho BAN: UMAUSDT | Gi: 1.5190
2025-06-10 21:55:18 - WARNING -  TIN HIEU HOP LE cho BAN: UMAUSDT | Gi: 1.5150
2025-06-10 21:56:20 - WARNING -  TIN HIEU HOP LE cho BAN: UMAUSDT | Gi: 1.5080
2025-06-10 21:57:21 - WARNING -  TIN HIEU HOP LE cho BAN: UMAUSDT | Gi: 1.5140
2025-06-10 21:58:23 - WARNING -  TIN HIEU HOP LE cho BAN: UMAUSDT | Gi: 1.5130
2025-06-10 21:59:24 - WARNING -  TIN HIEU HOP LE cho BAN: UMAUSDT | Gi: 1.5100
2025-06-10 22:00:26 - WARNING -  TIN HIEU HOP LE cho BAN: IOSTUSDT | Gi: 0.0042
2025-06-10 22:01:27 - WARNING -  TIN HIEU HOP LE cho BAN: IOSTUSDT | Gi: 0.0042
2025-06-10 22:02:29 - WARNING -  TIN HIEU HOP LE cho BAN: IOSTUSDT | Gi: 0.0042
2025-06-10 22:03:30 - WARNING -  TIN HIEU HOP LE cho BAN: IOSTUSDT | Gi: 0.0042
2025-06-10 22:04:32 - WARNING -  TIN HIEU HOP LE cho BAN: IOSTUSDT | Gi: 0.0042
2025-06-10 22:05:33 - WARNING -  TIN HIEU HOP LE cho BAN: IOSTUSDT | Gi: 0.0042
2025-06-10 22:06:35 - WARNING -  TIN HIEU HOP LE cho BAN: IOSTUSDT | Gi: 0.0042
2025-06-10 22:07:36 - WARNING -  TIN HIEU HOP LE cho BAN: IOSTUSDT | Gi: 0.0042
2025-06-10 22:08:38 - WARNING -  TIN HIEU HOP LE cho BAN: IOSTUSDT | Gi: 0.0042
2025-06-10 22:09:39 - WARNING -  TIN HIEU HOP LE cho BAN: IOSTUSDT | Gi: 0.0042
2025-06-10 22:10:41 - WARNING -  TIN HIEU HOP LE cho BAN: IOSTUSDT | Gi: 0.0042
2025-06-10 22:11:42 - WARNING -  TIN HIEU HOP LE cho BAN: IOSTUSDT | Gi: 0.0042
2025-06-10 22:12:44 - WARNING -  TIN HIEU HOP LE cho BAN: IOSTUSDT | Gi: 0.0042
2025-06-10 22:13:46 - WARNING -  TIN HIEU HOP LE cho BAN: IOSTUSDT | Gi: 0.0042
2025-06-10 22:15:49 - WARNING -  TIN HIEU HOP LE cho BAN: IOSTUSDT | Gi: 0.0042
2025-06-10 22:16:50 - WARNING -  TIN HIEU HOP LE cho BAN: IOSTUSDT | Gi: 0.0042
2025-06-10 22:17:52 - WARNING -  TIN HIEU HOP LE cho BAN: IOSTUSDT | Gi: 0.0042
2025-06-10 22:18:53 - WARNING -  TIN HIEU HOP LE cho BAN: IOSTUSDT | Gi: 0.0042
2025-06-10 22:19:55 - WARNING -  TIN HIEU HOP LE cho BAN: IOSTUSDT | Gi: 0.0042
2025-06-10 22:20:56 - WARNING -  TIN HIEU HOP LE cho BAN: IOSTUSDT | Gi: 0.0042
2025-06-10 22:21:58 - WARNING -  TIN HIEU HOP LE cho BAN: IOSTUSDT | Gi: 0.0042
2025-06-10 22:23:00 - WARNING -  TIN HIEU HOP LE cho BAN: IOSTUSDT | Gi: 0.0042
2025-06-10 22:24:01 - WARNING -  TIN HIEU HOP LE cho BAN: IOSTUSDT | Gi: 0.0042
2025-06-10 22:25:03 - WARNING -  TIN HIEU HOP LE cho BAN: IOSTUSDT | Gi: 0.0042
2025-06-10 22:26:04 - WARNING -  TIN HIEU HOP LE cho BAN: IOSTUSDT | Gi: 0.0042
2025-06-10 22:27:06 - WARNING -  TIN HIEU HOP LE cho BAN: IOSTUSDT | Gi: 0.0042
2025-06-10 22:28:07 - WARNING -  TIN HIEU HOP LE cho BAN: IOSTUSDT | Gi: 0.0042
2025-06-10 22:29:09 - WARNING -  TIN HIEU HOP LE cho BAN: IOSTUSDT | Gi: 0.0042
2025-06-10 22:30:10 - WARNING -  TIN HIEU HOP LE cho BAN: BABYUSDT | Gi: 0.0697
2025-06-10 22:31:12 - WARNING -  TIN HIEU HOP LE cho BAN: BABYUSDT | Gi: 0.0694
2025-06-10 22:32:13 - WARNING -  TIN HIEU HOP LE cho BAN: BABYUSDT | Gi: 0.0693
2025-06-10 22:33:15 - WARNING -  TIN HIEU HOP LE cho BAN: BABYUSDT | Gi: 0.0689
2025-06-10 22:34:16 - WARNING -  TIN HIEU HOP LE cho BAN: BABYUSDT | Gi: 0.0688
2025-06-10 22:35:18 - WARNING -  TIN HIEU HOP LE cho BAN: BABYUSDT | Gi: 0.0689
2025-06-10 22:36:19 - WARNING -  TIN HIEU HOP LE cho BAN: BABYUSDT | Gi: 0.0691
2025-06-10 22:37:21 - WARNING -  TIN HIEU HOP LE cho BAN: BABYUSDT | Gi: 0.0692
2025-06-10 22:38:22 - WARNING -  TIN HIEU HOP LE cho BAN: BABYUSDT | Gi: 0.0693
2025-06-10 22:39:24 - WARNING -  TIN HIEU HOP LE cho BAN: BABYUSDT | Gi: 0.0693
2025-06-10 22:40:25 - WARNING -  TIN HIEU HOP LE cho BAN: BABYUSDT | Gi: 0.0693
2025-06-10 22:41:27 - WARNING -  TIN HIEU HOP LE cho BAN: BABYUSDT | Gi: 0.0693
2025-06-10 22:42:28 - WARNING -  TIN HIEU HOP LE cho BAN: BABYUSDT | Gi: 0.0693
2025-06-10 22:43:29 - WARNING -  TIN HIEU HOP LE cho BAN: BABYUSDT | Gi: 0.0694
2025-06-10 22:44:31 - WARNING -  TIN HIEU HOP LE cho BAN: BABYUSDT | Gi: 0.0696
